<?xml version="1.0" encoding="UTF-8"?>
<!-- Generated by org.testng.reporters.JUnitReportReporter -->
<testsuite hostname="SHUBHAM" failures="0" tests="1" name="base.TestBase1" time="3.536" errors="0" timestamp="2023-11-06T20:38:19 IST" skipped="0">
  <testcase classname="base.TestBase1" name="launchDriver" time="3.536"/>
  <system-out/>
</testsuite> <!-- base.TestBase1 -->
