<?xml version="1.0" encoding="UTF-8"?>
<!-- Generated by org.testng.reporters.JUnitReportReporter -->
<testsuite hostname="SHUBHAM" failures="0" tests="2" name="RunnerFile.TestRunnerTestNG" time="20.493" errors="0" timestamp="2024-03-23T20:59:39 IST" skipped="0">
  <testcase classname="RunnerFile.TestRunnerTestNG" name="runScenario" time="9.835"/>
  <system-out/>
  <testcase classname="RunnerFile.TestRunnerTestNG" name="runScenario" time="10.658"/>
  <system-out/>
</testsuite> <!-- RunnerFile.TestRunnerTestNG -->
